<?xml version="1.0" encoding="UTF-8"?>
<!-- Generated by org.testng.reporters.JUnitReportReporter -->
<testsuite hostname="LAPTOP-BU5UP52J" failures="0" tests="1" name="com.ImpactChain2.testcases.LoginPageTest" time="8.077" errors="0" timestamp="2023-07-23T13:52:32 IST" skipped="0">
  <testcase classname="com.ImpactChain2.testcases.LoginPageTest" name="verify_F1_CompanyAdmin_Login_with_InvalidCredential" time="8.077"/>
  <system-out/>
</testsuite> <!-- com.ImpactChain2.testcases.LoginPageTest -->
