<?xml version="1.0" encoding="UTF-8"?>
<!-- Generated by org.testng.reporters.JUnitReportReporter -->
<testsuite hostname="LAPTOP-BU5UP52J" failures="0" tests="1" name="com.ImpactChain2.testcases.LoginPageTest" time="4.659" errors="0" timestamp="2023-07-22T09:15:37 IST" skipped="0">
  <testcase classname="com.ImpactChain2.testcases.LoginPageTest" name="verify_F1_FacilityUser_Login" time="4.659"/>
  <system-out/>
</testsuite> <!-- com.ImpactChain2.testcases.LoginPageTest -->
