<?xml version="1.0" encoding="UTF-8"?>
<!-- Generated by org.testng.reporters.JUnitReportReporter -->
<testsuite hostname="LAPTOP-BU5UP52J" failures="0" tests="1" name="com.ImpactChain2.testcases.AddSubGoalTest" time="105.821" errors="0" timestamp="2023-07-29T12:23:28 IST" skipped="0">
  <testcase classname="com.ImpactChain2.testcases.AddSubGoalTest" name="verify_Add_New_Climate_Goal" time="105.821"/>
  <system-out/>
</testsuite> <!-- com.ImpactChain2.testcases.AddSubGoalTest -->
