<?xml version="1.0" encoding="UTF-8"?>
<!-- Generated by org.testng.reporters.JUnitReportReporter -->
<testsuite hostname="LAPTOP-BU5UP52J" failures="0" tests="1" name="com.ImpactChain2.testcases.LoginPageTest" time="6.189" errors="0" timestamp="2023-07-04T18:50:46 IST" skipped="0">
  <testcase classname="com.ImpactChain2.testcases.LoginPageTest" name="verify_F1_FacilityUser_Login" time="6.189"/>
  <system-out/>
</testsuite> <!-- com.ImpactChain2.testcases.LoginPageTest -->
