<?xml version="1.0" encoding="UTF-8"?>
<!-- Generated by org.testng.reporters.JUnitReportReporter -->
<testsuite hostname="LAPTOP-BU5UP52J" failures="0" tests="1" name="com.ImpactChain2.testcases.AddClimateGoalTest" time="23.814" errors="0" timestamp="2023-07-19T18:39:21 IST" skipped="0">
  <testcase classname="com.ImpactChain2.testcases.AddClimateGoalTest" name="verify_Add_New_Energy_Goal" time="23.814"/>
  <system-out/>
</testsuite> <!-- com.ImpactChain2.testcases.AddClimateGoalTest -->
