<?xml version="1.0" encoding="UTF-8"?>
<!-- Generated by org.testng.reporters.JUnitReportReporter -->
<testsuite hostname="LAPTOP-BU5UP52J" failures="0" tests="2" name="com.ImpactChain2.testcases.AddClimateGoalTest" time="86.005" errors="0" timestamp="2023-07-22T09:15:37 IST" skipped="0">
  <testcase classname="com.ImpactChain2.testcases.AddClimateGoalTest" name="verify_Add_New_Climate_Goal" time="66.083"/>
  <system-out/>
  <testcase classname="com.ImpactChain2.testcases.AddClimateGoalTest" name="verify_Add_New_Energy_Goal" time="19.922"/>
  <system-out/>
</testsuite> <!-- com.ImpactChain2.testcases.AddClimateGoalTest -->
