<?xml version="1.0" encoding="UTF-8"?>
<!-- Generated by org.testng.reporters.JUnitReportReporter -->
<testsuite hostname="LAPTOP-BU5UP52J" failures="0" tests="1" name="com.ImpactChain2.testcases.AddGoalTest" time="77.618" errors="0" timestamp="2023-07-24T22:24:56 IST" skipped="0">
  <testcase classname="com.ImpactChain2.testcases.AddGoalTest" name="verify_Add_New_Ethical_Behaviour_Goal" time="77.618"/>
  <system-out/>
</testsuite> <!-- com.ImpactChain2.testcases.AddGoalTest -->
