<?xml version="1.0" encoding="UTF-8"?>
<!-- Generated by org.testng.reporters.JUnitReportReporter -->
<testsuite hostname="LAPTOP-BU5UP52J" failures="0" tests="8" name="com.ImpactChain2.testcases.AddGoalTest" time="160.389" errors="0" timestamp="2023-07-22T09:45:44 IST" skipped="0">
  <testcase classname="com.ImpactChain2.testcases.AddGoalTest" name="verify_Add_New_Energy_Goal" time="19.698"/>
  <system-out/>
  <testcase classname="com.ImpactChain2.testcases.AddGoalTest" name="verify_Add_New_Pay_Equaility_Goal" time="20.582"/>
  <system-out/>
  <testcase classname="com.ImpactChain2.testcases.AddGoalTest" name="verify_Add_New_Waste_Goal" time="19.151"/>
  <system-out/>
  <testcase classname="com.ImpactChain2.testcases.AddGoalTest" name="verify_Add_New_Ethical_Behaviour_Goal" time="19.355"/>
  <system-out/>
  <testcase classname="com.ImpactChain2.testcases.AddGoalTest" name="verify_Add_New_Involuntary_Labor_Goal" time="21.072"/>
  <system-out/>
  <testcase classname="com.ImpactChain2.testcases.AddGoalTest" name="verify_Add_New_Diversity_and_Inclusion_Goal" time="19.276"/>
  <system-out/>
  <testcase classname="com.ImpactChain2.testcases.AddGoalTest" name="verify_Add_New_FreshWater_Goal" time="18.905"/>
  <system-out/>
  <testcase classname="com.ImpactChain2.testcases.AddGoalTest" name="verify_Add_New_Climate_Goal" time="22.350"/>
  <system-out/>
</testsuite> <!-- com.ImpactChain2.testcases.AddGoalTest -->
